[INFO  - 2018-07-23T06:38:54.080Z] GhostDriver - Main - running on port 49384
[INFO  - 2018-07-23T06:38:56.243Z] Session [12b1b7f0-8e43-11e8-bf97-5b5eff205f3e] - page.settings - {"XSSAuditingEnabled":false,"javascriptCanCloseWindows":true,"javascriptCanOpenWindows":true,"javascriptEnabled":true,"loadImages":true,"localToRemoteUrlAccessEnabled":false,"userAgent":"Mozilla/5.0 (Windows NT 6.1; WOW64) AppleWebKit/538.1 (KHTML, like Gecko) PhantomJS/2.1.1 Safari/538.1","webSecurityEnabled":true}
[INFO  - 2018-07-23T06:38:56.243Z] Session [12b1b7f0-8e43-11e8-bf97-5b5eff205f3e] - page.customHeaders:  - {}
[INFO  - 2018-07-23T06:38:56.243Z] Session [12b1b7f0-8e43-11e8-bf97-5b5eff205f3e] - Session.negotiatedCapabilities - {"browserName":"phantomjs","version":"2.1.1","driverName":"ghostdriver","driverVersion":"1.2.0","platform":"windows-7-32bit","javascriptEnabled":true,"takesScreenshot":true,"handlesAlerts":false,"databaseEnabled":false,"locationContextEnabled":false,"applicationCacheEnabled":false,"browserConnectionEnabled":false,"cssSelectorsEnabled":true,"webStorageEnabled":false,"rotatable":false,"acceptSslCerts":false,"nativeEvents":true,"proxy":{"proxyType":"direct"}}
[INFO  - 2018-07-23T06:38:56.243Z] SessionManagerReqHand - _postNewSessionCommand - New Session Created: 12b1b7f0-8e43-11e8-bf97-5b5eff205f3e
[ERROR - 2018-07-23T06:38:57.503Z] Session [12b1b7f0-8e43-11e8-bf97-5b5eff205f3e] - page.onError - msg: kg/home-2017/1.3.5/common/inject is not loaded! can not find module in path : https://g.alicdn.com/kg/??home-2017/1.3.5/common/inject-min.js,home-2017/1.3.5/c/shop/index-min.js,home-2017/1.3.5/c/sale/index-min.js,home-2017/1.3.5/c/live/index-min.js,home-2017/1.3.5/c/hotsale/index-min.js,home-2017/1.3.5/c/helper/index-min.js,home-2017/1.3.5/c/goods/index-min.js,home-2017/1.3.5/c/shopping/index-min.js,home-2017/1.3.5/c/qiang/index-min.js,home-2017/1.3.5/c/fashion/index-min.js,home-2017/1.3.5/c/quality/index-min.js,home-2017/1.3.5/c/afford/index-min.js,home-2017/1.3.5/c/playlife/index-min.js

  phantomjs://platform/console++.js:263 in error
[ERROR - 2018-07-23T06:38:57.503Z] Session [12b1b7f0-8e43-11e8-bf97-5b5eff205f3e] - page.onError - stack:
  (anonymous function) (https://g.alicdn.com/??kissy/k/6.2.4/seed-min.js,kg/global-util/1.0.7/index-min.js,tb/tracker/4.3.5/index.js,kg/tb-nav/2.5.3/index-min.js,secdev/sufei_data/3.3.5/index.js:5)

  phantomjs://platform/console++.js:263 in error
[ERROR - 2018-07-23T06:38:57.504Z] Session [12b1b7f0-8e43-11e8-bf97-5b5eff205f3e] - page.onError - msg: kg/home-2017/1.3.5/c/shop/index is not loaded! can not find module in path : https://g.alicdn.com/kg/??home-2017/1.3.5/common/inject-min.js,home-2017/1.3.5/c/shop/index-min.js,home-2017/1.3.5/c/sale/index-min.js,home-2017/1.3.5/c/live/index-min.js,home-2017/1.3.5/c/hotsale/index-min.js,home-2017/1.3.5/c/helper/index-min.js,home-2017/1.3.5/c/goods/index-min.js,home-2017/1.3.5/c/shopping/index-min.js,home-2017/1.3.5/c/qiang/index-min.js,home-2017/1.3.5/c/fashion/index-min.js,home-2017/1.3.5/c/quality/index-min.js,home-2017/1.3.5/c/afford/index-min.js,home-2017/1.3.5/c/playlife/index-min.js

  phantomjs://platform/console++.js:263 in error
[ERROR - 2018-07-23T06:38:57.504Z] Session [12b1b7f0-8e43-11e8-bf97-5b5eff205f3e] - page.onError - stack:
  (anonymous function) (https://g.alicdn.com/??kissy/k/6.2.4/seed-min.js,kg/global-util/1.0.7/index-min.js,tb/tracker/4.3.5/index.js,kg/tb-nav/2.5.3/index-min.js,secdev/sufei_data/3.3.5/index.js:5)

  phantomjs://platform/console++.js:263 in error
[ERROR - 2018-07-23T06:38:57.504Z] Session [12b1b7f0-8e43-11e8-bf97-5b5eff205f3e] - page.onError - msg: kg/home-2017/1.3.5/c/sale/index is not loaded! can not find module in path : https://g.alicdn.com/kg/??home-2017/1.3.5/common/inject-min.js,home-2017/1.3.5/c/shop/index-min.js,home-2017/1.3.5/c/sale/index-min.js,home-2017/1.3.5/c/live/index-min.js,home-2017/1.3.5/c/hotsale/index-min.js,home-2017/1.3.5/c/helper/index-min.js,home-2017/1.3.5/c/goods/index-min.js,home-2017/1.3.5/c/shopping/index-min.js,home-2017/1.3.5/c/qiang/index-min.js,home-2017/1.3.5/c/fashion/index-min.js,home-2017/1.3.5/c/quality/index-min.js,home-2017/1.3.5/c/afford/index-min.js,home-2017/1.3.5/c/playlife/index-min.js

  phantomjs://platform/console++.js:263 in error
[ERROR - 2018-07-23T06:38:57.504Z] Session [12b1b7f0-8e43-11e8-bf97-5b5eff205f3e] - page.onError - stack:
  (anonymous function) (https://g.alicdn.com/??kissy/k/6.2.4/seed-min.js,kg/global-util/1.0.7/index-min.js,tb/tracker/4.3.5/index.js,kg/tb-nav/2.5.3/index-min.js,secdev/sufei_data/3.3.5/index.js:5)

  phantomjs://platform/console++.js:263 in error
[ERROR - 2018-07-23T06:38:57.504Z] Session [12b1b7f0-8e43-11e8-bf97-5b5eff205f3e] - page.onError - msg: kg/home-2017/1.3.5/c/live/index is not loaded! can not find module in path : https://g.alicdn.com/kg/??home-2017/1.3.5/common/inject-min.js,home-2017/1.3.5/c/shop/index-min.js,home-2017/1.3.5/c/sale/index-min.js,home-2017/1.3.5/c/live/index-min.js,home-2017/1.3.5/c/hotsale/index-min.js,home-2017/1.3.5/c/helper/index-min.js,home-2017/1.3.5/c/goods/index-min.js,home-2017/1.3.5/c/shopping/index-min.js,home-2017/1.3.5/c/qiang/index-min.js,home-2017/1.3.5/c/fashion/index-min.js,home-2017/1.3.5/c/quality/index-min.js,home-2017/1.3.5/c/afford/index-min.js,home-2017/1.3.5/c/playlife/index-min.js

  phantomjs://platform/console++.js:263 in error
[ERROR - 2018-07-23T06:38:57.504Z] Session [12b1b7f0-8e43-11e8-bf97-5b5eff205f3e] - page.onError - stack:
  (anonymous function) (https://g.alicdn.com/??kissy/k/6.2.4/seed-min.js,kg/global-util/1.0.7/index-min.js,tb/tracker/4.3.5/index.js,kg/tb-nav/2.5.3/index-min.js,secdev/sufei_data/3.3.5/index.js:5)

  phantomjs://platform/console++.js:263 in error
[ERROR - 2018-07-23T06:38:57.504Z] Session [12b1b7f0-8e43-11e8-bf97-5b5eff205f3e] - page.onError - msg: kg/home-2017/1.3.5/c/hotsale/index is not loaded! can not find module in path : https://g.alicdn.com/kg/??home-2017/1.3.5/common/inject-min.js,home-2017/1.3.5/c/shop/index-min.js,home-2017/1.3.5/c/sale/index-min.js,home-2017/1.3.5/c/live/index-min.js,home-2017/1.3.5/c/hotsale/index-min.js,home-2017/1.3.5/c/helper/index-min.js,home-2017/1.3.5/c/goods/index-min.js,home-2017/1.3.5/c/shopping/index-min.js,home-2017/1.3.5/c/qiang/index-min.js,home-2017/1.3.5/c/fashion/index-min.js,home-2017/1.3.5/c/quality/index-min.js,home-2017/1.3.5/c/afford/index-min.js,home-2017/1.3.5/c/playlife/index-min.js

  phantomjs://platform/console++.js:263 in error
[ERROR - 2018-07-23T06:38:57.504Z] Session [12b1b7f0-8e43-11e8-bf97-5b5eff205f3e] - page.onError - stack:
  (anonymous function) (https://g.alicdn.com/??kissy/k/6.2.4/seed-min.js,kg/global-util/1.0.7/index-min.js,tb/tracker/4.3.5/index.js,kg/tb-nav/2.5.3/index-min.js,secdev/sufei_data/3.3.5/index.js:5)

  phantomjs://platform/console++.js:263 in error
[ERROR - 2018-07-23T06:38:57.504Z] Session [12b1b7f0-8e43-11e8-bf97-5b5eff205f3e] - page.onError - msg: kg/home-2017/1.3.5/c/helper/index is not loaded! can not find module in path : https://g.alicdn.com/kg/??home-2017/1.3.5/common/inject-min.js,home-2017/1.3.5/c/shop/index-min.js,home-2017/1.3.5/c/sale/index-min.js,home-2017/1.3.5/c/live/index-min.js,home-2017/1.3.5/c/hotsale/index-min.js,home-2017/1.3.5/c/helper/index-min.js,home-2017/1.3.5/c/goods/index-min.js,home-2017/1.3.5/c/shopping/index-min.js,home-2017/1.3.5/c/qiang/index-min.js,home-2017/1.3.5/c/fashion/index-min.js,home-2017/1.3.5/c/quality/index-min.js,home-2017/1.3.5/c/afford/index-min.js,home-2017/1.3.5/c/playlife/index-min.js

  phantomjs://platform/console++.js:263 in error
[ERROR - 2018-07-23T06:38:57.504Z] Session [12b1b7f0-8e43-11e8-bf97-5b5eff205f3e] - page.onError - stack:
  (anonymous function) (https://g.alicdn.com/??kissy/k/6.2.4/seed-min.js,kg/global-util/1.0.7/index-min.js,tb/tracker/4.3.5/index.js,kg/tb-nav/2.5.3/index-min.js,secdev/sufei_data/3.3.5/index.js:5)

  phantomjs://platform/console++.js:263 in error
[ERROR - 2018-07-23T06:38:57.504Z] Session [12b1b7f0-8e43-11e8-bf97-5b5eff205f3e] - page.onError - msg: kg/home-2017/1.3.5/c/goods/index is not loaded! can not find module in path : https://g.alicdn.com/kg/??home-2017/1.3.5/common/inject-min.js,home-2017/1.3.5/c/shop/index-min.js,home-2017/1.3.5/c/sale/index-min.js,home-2017/1.3.5/c/live/index-min.js,home-2017/1.3.5/c/hotsale/index-min.js,home-2017/1.3.5/c/helper/index-min.js,home-2017/1.3.5/c/goods/index-min.js,home-2017/1.3.5/c/shopping/index-min.js,home-2017/1.3.5/c/qiang/index-min.js,home-2017/1.3.5/c/fashion/index-min.js,home-2017/1.3.5/c/quality/index-min.js,home-2017/1.3.5/c/afford/index-min.js,home-2017/1.3.5/c/playlife/index-min.js

  phantomjs://platform/console++.js:263 in error
[ERROR - 2018-07-23T06:38:57.504Z] Session [12b1b7f0-8e43-11e8-bf97-5b5eff205f3e] - page.onError - stack:
  (anonymous function) (https://g.alicdn.com/??kissy/k/6.2.4/seed-min.js,kg/global-util/1.0.7/index-min.js,tb/tracker/4.3.5/index.js,kg/tb-nav/2.5.3/index-min.js,secdev/sufei_data/3.3.5/index.js:5)

  phantomjs://platform/console++.js:263 in error
[ERROR - 2018-07-23T06:38:57.504Z] Session [12b1b7f0-8e43-11e8-bf97-5b5eff205f3e] - page.onError - msg: kg/home-2017/1.3.5/c/shopping/index is not loaded! can not find module in path : https://g.alicdn.com/kg/??home-2017/1.3.5/common/inject-min.js,home-2017/1.3.5/c/shop/index-min.js,home-2017/1.3.5/c/sale/index-min.js,home-2017/1.3.5/c/live/index-min.js,home-2017/1.3.5/c/hotsale/index-min.js,home-2017/1.3.5/c/helper/index-min.js,home-2017/1.3.5/c/goods/index-min.js,home-2017/1.3.5/c/shopping/index-min.js,home-2017/1.3.5/c/qiang/index-min.js,home-2017/1.3.5/c/fashion/index-min.js,home-2017/1.3.5/c/quality/index-min.js,home-2017/1.3.5/c/afford/index-min.js,home-2017/1.3.5/c/playlife/index-min.js

  phantomjs://platform/console++.js:263 in error
[ERROR - 2018-07-23T06:38:57.504Z] Session [12b1b7f0-8e43-11e8-bf97-5b5eff205f3e] - page.onError - stack:
  (anonymous function) (https://g.alicdn.com/??kissy/k/6.2.4/seed-min.js,kg/global-util/1.0.7/index-min.js,tb/tracker/4.3.5/index.js,kg/tb-nav/2.5.3/index-min.js,secdev/sufei_data/3.3.5/index.js:5)

  phantomjs://platform/console++.js:263 in error
[ERROR - 2018-07-23T06:38:57.504Z] Session [12b1b7f0-8e43-11e8-bf97-5b5eff205f3e] - page.onError - msg: kg/home-2017/1.3.5/c/qiang/index is not loaded! can not find module in path : https://g.alicdn.com/kg/??home-2017/1.3.5/common/inject-min.js,home-2017/1.3.5/c/shop/index-min.js,home-2017/1.3.5/c/sale/index-min.js,home-2017/1.3.5/c/live/index-min.js,home-2017/1.3.5/c/hotsale/index-min.js,home-2017/1.3.5/c/helper/index-min.js,home-2017/1.3.5/c/goods/index-min.js,home-2017/1.3.5/c/shopping/index-min.js,home-2017/1.3.5/c/qiang/index-min.js,home-2017/1.3.5/c/fashion/index-min.js,home-2017/1.3.5/c/quality/index-min.js,home-2017/1.3.5/c/afford/index-min.js,home-2017/1.3.5/c/playlife/index-min.js

  phantomjs://platform/console++.js:263 in error
[ERROR - 2018-07-23T06:38:57.504Z] Session [12b1b7f0-8e43-11e8-bf97-5b5eff205f3e] - page.onError - stack:
  (anonymous function) (https://g.alicdn.com/??kissy/k/6.2.4/seed-min.js,kg/global-util/1.0.7/index-min.js,tb/tracker/4.3.5/index.js,kg/tb-nav/2.5.3/index-min.js,secdev/sufei_data/3.3.5/index.js:5)

  phantomjs://platform/console++.js:263 in error
[ERROR - 2018-07-23T06:38:57.504Z] Session [12b1b7f0-8e43-11e8-bf97-5b5eff205f3e] - page.onError - msg: kg/home-2017/1.3.5/c/fashion/index is not loaded! can not find module in path : https://g.alicdn.com/kg/??home-2017/1.3.5/common/inject-min.js,home-2017/1.3.5/c/shop/index-min.js,home-2017/1.3.5/c/sale/index-min.js,home-2017/1.3.5/c/live/index-min.js,home-2017/1.3.5/c/hotsale/index-min.js,home-2017/1.3.5/c/helper/index-min.js,home-2017/1.3.5/c/goods/index-min.js,home-2017/1.3.5/c/shopping/index-min.js,home-2017/1.3.5/c/qiang/index-min.js,home-2017/1.3.5/c/fashion/index-min.js,home-2017/1.3.5/c/quality/index-min.js,home-2017/1.3.5/c/afford/index-min.js,home-2017/1.3.5/c/playlife/index-min.js

  phantomjs://platform/console++.js:263 in error
[ERROR - 2018-07-23T06:38:57.504Z] Session [12b1b7f0-8e43-11e8-bf97-5b5eff205f3e] - page.onError - stack:
  (anonymous function) (https://g.alicdn.com/??kissy/k/6.2.4/seed-min.js,kg/global-util/1.0.7/index-min.js,tb/tracker/4.3.5/index.js,kg/tb-nav/2.5.3/index-min.js,secdev/sufei_data/3.3.5/index.js:5)

  phantomjs://platform/console++.js:263 in error
[ERROR - 2018-07-23T06:38:57.505Z] Session [12b1b7f0-8e43-11e8-bf97-5b5eff205f3e] - page.onError - msg: kg/home-2017/1.3.5/c/quality/index is not loaded! can not find module in path : https://g.alicdn.com/kg/??home-2017/1.3.5/common/inject-min.js,home-2017/1.3.5/c/shop/index-min.js,home-2017/1.3.5/c/sale/index-min.js,home-2017/1.3.5/c/live/index-min.js,home-2017/1.3.5/c/hotsale/index-min.js,home-2017/1.3.5/c/helper/index-min.js,home-2017/1.3.5/c/goods/index-min.js,home-2017/1.3.5/c/shopping/index-min.js,home-2017/1.3.5/c/qiang/index-min.js,home-2017/1.3.5/c/fashion/index-min.js,home-2017/1.3.5/c/quality/index-min.js,home-2017/1.3.5/c/afford/index-min.js,home-2017/1.3.5/c/playlife/index-min.js

  phantomjs://platform/console++.js:263 in error
[ERROR - 2018-07-23T06:38:57.505Z] Session [12b1b7f0-8e43-11e8-bf97-5b5eff205f3e] - page.onError - stack:
  (anonymous function) (https://g.alicdn.com/??kissy/k/6.2.4/seed-min.js,kg/global-util/1.0.7/index-min.js,tb/tracker/4.3.5/index.js,kg/tb-nav/2.5.3/index-min.js,secdev/sufei_data/3.3.5/index.js:5)

  phantomjs://platform/console++.js:263 in error
[ERROR - 2018-07-23T06:38:57.505Z] Session [12b1b7f0-8e43-11e8-bf97-5b5eff205f3e] - page.onError - msg: kg/home-2017/1.3.5/c/afford/index is not loaded! can not find module in path : https://g.alicdn.com/kg/??home-2017/1.3.5/common/inject-min.js,home-2017/1.3.5/c/shop/index-min.js,home-2017/1.3.5/c/sale/index-min.js,home-2017/1.3.5/c/live/index-min.js,home-2017/1.3.5/c/hotsale/index-min.js,home-2017/1.3.5/c/helper/index-min.js,home-2017/1.3.5/c/goods/index-min.js,home-2017/1.3.5/c/shopping/index-min.js,home-2017/1.3.5/c/qiang/index-min.js,home-2017/1.3.5/c/fashion/index-min.js,home-2017/1.3.5/c/quality/index-min.js,home-2017/1.3.5/c/afford/index-min.js,home-2017/1.3.5/c/playlife/index-min.js

  phantomjs://platform/console++.js:263 in error
[ERROR - 2018-07-23T06:38:57.505Z] Session [12b1b7f0-8e43-11e8-bf97-5b5eff205f3e] - page.onError - stack:
  (anonymous function) (https://g.alicdn.com/??kissy/k/6.2.4/seed-min.js,kg/global-util/1.0.7/index-min.js,tb/tracker/4.3.5/index.js,kg/tb-nav/2.5.3/index-min.js,secdev/sufei_data/3.3.5/index.js:5)

  phantomjs://platform/console++.js:263 in error
[ERROR - 2018-07-23T06:38:57.505Z] Session [12b1b7f0-8e43-11e8-bf97-5b5eff205f3e] - page.onError - msg: kg/home-2017/1.3.5/c/playlife/index is not loaded! can not find module in path : https://g.alicdn.com/kg/??home-2017/1.3.5/common/inject-min.js,home-2017/1.3.5/c/shop/index-min.js,home-2017/1.3.5/c/sale/index-min.js,home-2017/1.3.5/c/live/index-min.js,home-2017/1.3.5/c/hotsale/index-min.js,home-2017/1.3.5/c/helper/index-min.js,home-2017/1.3.5/c/goods/index-min.js,home-2017/1.3.5/c/shopping/index-min.js,home-2017/1.3.5/c/qiang/index-min.js,home-2017/1.3.5/c/fashion/index-min.js,home-2017/1.3.5/c/quality/index-min.js,home-2017/1.3.5/c/afford/index-min.js,home-2017/1.3.5/c/playlife/index-min.js

  phantomjs://platform/console++.js:263 in error
[ERROR - 2018-07-23T06:38:57.505Z] Session [12b1b7f0-8e43-11e8-bf97-5b5eff205f3e] - page.onError - stack:
  (anonymous function) (https://g.alicdn.com/??kissy/k/6.2.4/seed-min.js,kg/global-util/1.0.7/index-min.js,tb/tracker/4.3.5/index.js,kg/tb-nav/2.5.3/index-min.js,secdev/sufei_data/3.3.5/index.js:5)

  phantomjs://platform/console++.js:263 in error
